<?xml version="1.0" encoding="utf-8"?><testsuites name="pytest tests"><testsuite name="pytest" errors="0" failures="0" skipped="0" tests="21" time="4.851" timestamp="2026-06-13T14:14:39.856992+00:00" hostname="agent-env-da019bf6-9436-4091-9b5e-7a2abd7cdcb6"><testcase classname="backend.tests.test_iteration2_rbac.TestBranches" name="test_super_admin_create_branch" time="0.606" /><testcase classname="backend.tests.test_iteration2_rbac.TestBranches" name="test_duplicate_branch_code_rejected" time="0.047" /><testcase classname="backend.tests.test_iteration2_rbac.TestBranches" name="test_update_branch" time="0.048" /><testcase classname="backend.tests.test_iteration2_rbac.TestBranches" name="test_list_branches" time="0.045" /><testcase classname="backend.tests.test_iteration2_rbac.TestBranches" name="test_delete_empty_branch" time="0.089" /><testcase classname="backend.tests.test_iteration2_rbac.TestBranches" name="test_branch_create_requires_super_admin" time="0.712" /><testcase classname="backend.tests.test_iteration2_rbac.TestUsers" name="test_super_admin_creates_manager" time="0.048" /><testcase classname="backend.tests.test_iteration2_rbac.TestUsers" name="test_duplicate_email_rejected" time="0.044" /><testcase classname="backend.tests.test_iteration2_rbac.TestUsers" name="test_create_staff_by_super" time="0.273" /><testcase classname="backend.tests.test_iteration2_rbac.TestUsers" name="test_manager_lists_only_own_branch" time="0.105" /><testcase classname="backend.tests.test_iteration2_rbac.TestUsers" name="test_manager_cannot_create_manager" time="0.104" /><testcase classname="backend.tests.test_iteration2_rbac.TestUsers" name="test_manager_creates_staff_in_own_branch" time="0.315" /><testcase classname="backend.tests.test_iteration2_rbac.TestUsers" name="test_manager_cannot_modify_outside_branch" time="0.426" /><testcase classname="backend.tests.test_iteration2_rbac.TestBookingsRBAC" name="test_per_branch_bill_counter" time="0.138" /><testcase classname="backend.tests.test_iteration2_rbac.TestBookingsRBAC" name="test_super_admin_must_send_branch_id" time="0.043" /><testcase classname="backend.tests.test_iteration2_rbac.TestBookingsRBAC" name="test_staff_cannot_update_or_delete" time="0.511" /><testcase classname="backend.tests.test_iteration2_rbac.TestBookingsRBAC" name="test_manager_scoped_listing_and_filter" time="0.188" /><testcase classname="backend.tests.test_iteration2_rbac.TestBookingsRBAC" name="test_dashboard_scoped" time="0.254" /><testcase classname="backend.tests.test_iteration2_rbac.TestBranchDeleteGuards" name="test_cannot_delete_branch_with_users" time="0.044" /><testcase classname="backend.tests.test_iteration2_rbac.TestBranchDeleteGuards" name="test_cannot_delete_branch_with_bookings_only" time="0.132" /><testcase classname="backend.tests.test_iteration2_rbac" name="test_zz_cleanup" time="0.611" /></testsuite></testsuites>