<?xml version="1.0" encoding="utf-8"?><testsuites name="pytest tests"><testsuite name="pytest" errors="0" failures="0" skipped="0" tests="12" time="8.877" timestamp="2026-07-31T08:05:58.453988+00:00" hostname="agent-env-da019bf6-9436-4091-9b5e-7a2abd7cdcb6"><testcase classname="backend.tests.test_iteration7_availability" name="test_overlapping_booking_rejected_and_adjacent_range_succeeds" time="0.951" /><testcase classname="backend.tests.test_iteration7_availability" name="test_returned_booking_does_not_block_overlap" time="0.126" /><testcase classname="backend.tests.test_iteration7_availability" name="test_concurrent_overlapping_creates_allow_exactly_one_booking" time="0.968" /><testcase classname="backend.tests.test_iteration7_availability" name="test_conflict_storm_does_not_create_bill_number_gap" time="0.999" /><testcase classname="backend.tests.test_iteration7_availability" name="test_concurrent_status_updates_allow_exactly_one_active_booking" time="0.570" /><testcase classname="backend.tests.test_iteration7_availability" name="test_update_conflict_restore_and_release_paths" time="1.046" /><testcase classname="backend.tests.test_iteration7_availability" name="test_update_widening_conflicts_but_notes_only_update_persists" time="0.350" /><testcase classname="backend.tests.test_iteration7_availability" name="test_bookings_without_stock_id_can_overlap" time="0.126" /><testcase classname="backend.tests.test_iteration7_availability" name="test_stock_schedule_shape_totals_and_branch_scope" time="0.491" /><testcase classname="backend.tests.test_iteration7_availability" name="test_revenue_stats_stock_filter_excludes_other_stock" time="0.303" /><testcase classname="backend.tests.test_iteration7_availability" name="test_kln_booking_uses_kln_bill_prefix" time="0.054" /><testcase classname="backend.tests.test_iteration7_availability" name="test_auth_booking_crud_and_core_list_regressions" time="2.787" /></testsuite></testsuites>