<?xml version="1.0" encoding="utf-8"?><testsuites name="pytest tests"><testsuite name="pytest" errors="0" failures="1" skipped="0" tests="1" time="1.916" timestamp="2026-07-31T08:00:33.054241+00:00" hostname="agent-env-da019bf6-9436-4091-9b5e-7a2abd7cdcb6"><testcase classname="backend.tests.test_iteration7_availability" name="test_concurrent_overlapping_creates_allow_exactly_one_booking" time="1.829"><failure message="AssertionError: [{'body': '{&quot;bill_no&quot;:&quot;BNG-0062&quot;,&quot;branch_id&quot;:&quot;535210a2-b7c5-4e2b-a926-f1e1af7664bc&quot;,&quot;stock_id&quot;:&quot;43c3d8df-91c4-48d4-bc71-4a2e388897bd&quot;,&quot;product_code&quot;:&quot;TEST_I7_CONCURRENT_0_b0ac8fcd&quot;,&quot;product_name&quot;:&quot;TEST Iteration', 'status': 200}, {'body': '{&quot;detail&quot;:&quot;This item is already booked from 2026-08-20 to 2026-08-25 (bill BNG-0061). Please choose different dates or another item.&quot;}', 'status': 409}, {'body': '{&quot;detail&quot;:&quot;This item is already booked from 2026-08-20 to 2026-08-25 (bill BNG-0061). Please choose different dates or another item.&quot;}', 'status': 409}, {'body': '{&quot;detail&quot;:&quot;This item is already booked from 2026-08-20 to 2026-08-25 (bill BNG-0061). Please choose different dates or another item.&quot;}', 'status': 409}, {'body': '{&quot;detail&quot;:&quot;This item is already booked from 2026-08-20 to 2026-08-25 (bill BNG-0061). Please choose different dates or another item.&quot;}', 'status': 409}, {'body': '{&quot;detail&quot;:&quot;This item is already booked from 2026-08-20 to 2026-08-25 (bill BNG-0061). Please choose different dates or another item.&quot;}', 'status': 409}, ...]&#10;assert 2 == 1&#10; +  where 2 = len([&lt;Response [200]&gt;, &lt;Response [200]&gt;])">backend/tests/test_iteration7_availability.py:222: in test_concurrent_overlapping_creates_allow_exactly_one_booking
    assert len(successes) == 1, [
E   AssertionError: [{'body': '{"bill_no":"BNG-0062","branch_id":"535210a2-b7c5-4e2b-a926-f1e1af7664bc","stock_id":"43c3d8df-91c4-48d4-bc71-4a2e388897bd","product_code":"TEST_I7_CONCURRENT_0_b0ac8fcd","product_name":"TEST Iteration', 'status': 200}, {'body': '{"detail":"This item is already booked from 2026-08-20 to 2026-08-25 (bill BNG-0061). Please choose different dates or another item."}', 'status': 409}, {'body': '{"detail":"This item is already booked from 2026-08-20 to 2026-08-25 (bill BNG-0061). Please choose different dates or another item."}', 'status': 409}, {'body': '{"detail":"This item is already booked from 2026-08-20 to 2026-08-25 (bill BNG-0061). Please choose different dates or another item."}', 'status': 409}, {'body': '{"detail":"This item is already booked from 2026-08-20 to 2026-08-25 (bill BNG-0061). Please choose different dates or another item."}', 'status': 409}, {'body': '{"detail":"This item is already booked from 2026-08-20 to 2026-08-25 (bill BNG-0061). Please choose different dates or another item."}', 'status': 409}, ...]
E   assert 2 == 1
E    +  where 2 = len([&lt;Response [200]&gt;, &lt;Response [200]&gt;])</failure></testcase></testsuite></testsuites>