<?xml version="1.0" encoding="utf-8"?><testsuites name="pytest tests"><testsuite name="pytest" errors="0" failures="5" skipped="0" tests="17" time="14.005" timestamp="2026-07-31T07:44:24.910156+00:00" hostname="agent-env-da019bf6-9436-4091-9b5e-7a2abd7cdcb6"><testcase classname="backend.tests.test_iteration5_stock.TestStockCrudAndRbac" name="test_admin_requires_branch_and_staff_write_forbidden" time="1.669" /><testcase classname="backend.tests.test_iteration5_stock.TestStockCrudAndRbac" name="test_create_duplicate_update_and_delete_persist" time="0.492" /><testcase classname="backend.tests.test_iteration5_stock.TestStockCrudAndRbac" name="test_manager_auto_branch_and_read_scoping_including_staff" time="0.390" /><testcase classname="backend.tests.test_iteration5_stock.TestStockPhotos" name="test_validation_upload_serve_soft_delete_and_permissions" time="2.861" /><testcase classname="backend.tests.test_iteration5_stock.TestStockPhotos" name="test_max_five_photos" time="1.859" /><testcase classname="backend.tests.test_iteration5_stock.TestStockPhotos" name="test_photo_id_cannot_be_deleted_through_unrelated_stock" time="0.536"><failure message="assert 200 in {403, 404}&#10; +  where 200 = &lt;Response [200]&gt;.status_code">backend/tests/test_iteration5_stock.py:346: in test_photo_id_cannot_be_deleted_through_unrelated_stock
    assert attempted_delete.status_code in {403, 404}
E   assert 200 in {403, 404}
E    +  where 200 = &lt;Response [200]&gt;.status_code</failure></testcase><testcase classname="backend.tests.test_iteration5_stock.TestBookingStockSnapshots" name="test_snapshot_resnapshot_invalid_cross_branch_delete_and_file_serve" time="1.897" /><testcase classname="backend.tests.test_iteration5_stock.TestBookingStockSnapshots" name="test_update_with_null_stock_id_unlinks_and_clears_snapshot" time="0.558"><failure message="AssertionError: assert '8b06b8c4-3a7a-45ce-90d9-165e67dfd0f2' is None">backend/tests/test_iteration5_stock.py:450: in test_update_with_null_stock_id_unlinks_and_clears_snapshot
    assert unlink.json()["stock_id"] is None
E   AssertionError: assert '8b06b8c4-3a7a-45ce-90d9-165e67dfd0f2' is None</failure></testcase><testcase classname="backend.tests.test_iteration5_stock.TestRegressionSanity" name="test_list_endpoints[/bookings-list]" time="0.049" /><testcase classname="backend.tests.test_iteration5_stock.TestRegressionSanity" name="test_list_endpoints[/branches-list]" time="0.062" /><testcase classname="backend.tests.test_iteration5_stock.TestRegressionSanity" name="test_list_endpoints[/users-list]" time="0.049" /><testcase classname="backend.tests.test_iteration5_stock.TestRegressionSanity" name="test_list_endpoints[/audit-list]" time="0.057" /><testcase classname="backend.tests.test_iteration5_stock.TestRegressionSanity" name="test_auth_and_revenue" time="0.107" /><testcase classname="backend.tests.test_iteration5_stock.TestAuthHardening" name="test_admin_bcrypt_hash_format" time="0.030" /><testcase classname="backend.tests.test_iteration5_stock.TestAuthHardening" name="test_login_sets_httponly_cookie" time="0.338"><failure message="AssertionError: Login set no application authentication cookie; cookies were ['__cf_bm']&#10;assert []">backend/tests/test_iteration5_stock.py:503: in test_login_sets_httponly_cookie
    assert app_cookie_names, f"Login set no application authentication cookie; cookies were {cookie_names}"
E   AssertionError: Login set no application authentication cookie; cookies were ['__cf_bm']
E   assert []</failure></testcase><testcase classname="backend.tests.test_iteration5_stock.TestAuthHardening" name="test_cors_rejects_unconfigured_origin" time="0.066"><failure message="AssertionError: CORS accepted an unconfigured origin: *&#10;assert '*' not in {'*', 'https://untrusted-origin.example'}">backend/tests/test_iteration5_stock.py:517: in test_cors_rejects_unconfigured_origin
    assert allow_origin not in {"*", "https://untrusted-origin.example"}, (
E   AssertionError: CORS accepted an unconfigured origin: *
E   assert '*' not in {'*', 'https://untrusted-origin.example'}</failure></testcase><testcase classname="backend.tests.test_iteration5_stock.TestAuthHardening" name="test_brute_force_lockout_after_five_failures" time="2.721"><failure message="AssertionError: Expected lockout after five failures, got 401&#10;assert 401 in {423, 429}&#10; +  where 401 = &lt;Response [401]&gt;.status_code">backend/tests/test_iteration5_stock.py:526: in test_brute_force_lockout_after_five_failures
    assert sixth.status_code in {423, 429}, f"Expected lockout after five failures, got {sixth.status_code}"
E   AssertionError: Expected lockout after five failures, got 401
E   assert 401 in {423, 429}
E    +  where 401 = &lt;Response [401]&gt;.status_code</failure></testcase></testsuite></testsuites>