<?xml version="1.0" encoding="utf-8"?><testsuites name="pytest tests"><testsuite name="pytest" errors="0" failures="0" skipped="0" tests="22" time="6.110" timestamp="2026-07-20T13:49:53.104868+00:00" hostname="agent-env-da019bf6-9436-4091-9b5e-7a2abd7cdcb6"><testcase classname="backend.tests.test_iteration4_p2.TestSanity" name="test_bookings_get_list" time="0.659" /><testcase classname="backend.tests.test_iteration4_p2.TestSanity" name="test_branches_get" time="0.106" /><testcase classname="backend.tests.test_iteration4_p2.TestSanity" name="test_users_get" time="0.150" /><testcase classname="backend.tests.test_iteration4_p2.TestRevenue" name="test_revenue_default" time="0.119" /><testcase classname="backend.tests.test_iteration4_p2.TestRevenue" name="test_revenue_current_month_included" time="0.110" /><testcase classname="backend.tests.test_iteration4_p2.TestRevenue" name="test_revenue_manager_scope" time="0.528" /><testcase classname="backend.tests.test_iteration4_p2.TestRevenue" name="test_revenue_unauth" time="0.197" /><testcase classname="backend.tests.test_iteration4_p2.TestAudit" name="test_audit_requires_auth" time="0.131" /><testcase classname="backend.tests.test_iteration4_p2.TestAudit" name="test_audit_staff_forbidden" time="0.804" /><testcase classname="backend.tests.test_iteration4_p2.TestAudit" name="test_audit_super_admin_ok" time="0.100" /><testcase classname="backend.tests.test_iteration4_p2.TestAudit" name="test_audit_manager_ok" time="0.106" /><testcase classname="backend.tests.test_iteration4_p2.TestAudit" name="test_audit_created_on_booking" time="0.812" /><testcase classname="backend.tests.test_iteration4_p2.TestAudit" name="test_audit_filters" time="0.096" /><testcase classname="backend.tests.test_iteration4_p2.TestPhotoValidation" name="test_reject_bad_content_type" time="0.195" /><testcase classname="backend.tests.test_iteration4_p2.TestPhotoValidation" name="test_reject_oversize" time="0.423" /><testcase classname="backend.tests.test_iteration4_p2.TestPhotoValidation" name="test_photo_endpoint_requires_auth" time="0.097" /><testcase classname="backend.tests.test_iteration4_p2.TestPhotoValidation" name="test_photo_booking_404" time="0.234" /><testcase classname="backend.tests.test_iteration4_p2.TestFileServe" name="test_file_no_auth" time="0.107" /><testcase classname="backend.tests.test_iteration4_p2.TestFileServe" name="test_file_invalid_token" time="0.105" /><testcase classname="backend.tests.test_iteration4_p2.TestFileServe" name="test_file_not_found" time="0.143" /><testcase classname="backend.tests.test_iteration4_p2.TestPhotoDelete" name="test_staff_cannot_delete" time="0.375" /><testcase classname="backend.tests.test_iteration4_p2.TestBookingRegression" name="test_create_and_list" time="0.446" /></testsuite></testsuites>