<?xml version="1.0" encoding="utf-8"?><testsuites name="pytest tests"><testsuite name="pytest" errors="0" failures="1" skipped="0" tests="9" time="4.994" timestamp="2026-07-31T08:00:21.721463+00:00" hostname="agent-env-da019bf6-9436-4091-9b5e-7a2abd7cdcb6"><testcase classname="backend.tests.test_iteration7_availability" name="test_overlapping_booking_rejected_and_adjacent_range_succeeds" time="1.112" /><testcase classname="backend.tests.test_iteration7_availability" name="test_returned_booking_does_not_block_overlap" time="0.148" /><testcase classname="backend.tests.test_iteration7_availability" name="test_concurrent_overlapping_creates_allow_exactly_one_booking" time="0.974"><failure message="AssertionError: [{'body': '{&quot;detail&quot;:&quot;This item is already booked from 2026-08-20 to 2026-08-25 (bill BNG-0044). Please choose different dates or another item.&quot;}', 'status': 409}, {'body': '{&quot;bill_no&quot;:&quot;BNG-0045&quot;,&quot;branch_id&quot;:&quot;535210a2-b7c5-4e2b-a926-f1e1af7664bc&quot;,&quot;stock_id&quot;:&quot;c03b96eb-9c76-4c85-aa10-0a6d5eb815ee&quot;,&quot;product_code&quot;:&quot;TEST_I7_CONCURRENT_1_3261d126&quot;,&quot;product_name&quot;:&quot;TEST Iteration', 'status': 200}, {'body': '{&quot;detail&quot;:&quot;This item is already booked from 2026-08-20 to 2026-08-25 (bill BNG-0044). Please choose different dates or another item.&quot;}', 'status': 409}, {'body': '{&quot;detail&quot;:&quot;This item is already booked from 2026-08-20 to 2026-08-25 (bill BNG-0044). Please choose different dates or another item.&quot;}', 'status': 409}, {'body': '{&quot;bill_no&quot;:&quot;BNG-0044&quot;,&quot;branch_id&quot;:&quot;535210a2-b7c5-4e2b-a926-f1e1af7664bc&quot;,&quot;stock_id&quot;:&quot;c03b96eb-9c76-4c85-aa10-0a6d5eb815ee&quot;,&quot;product_code&quot;:&quot;TEST_I7_CONCURRENT_4_d765e482&quot;,&quot;product_name&quot;:&quot;TEST Iteration', 'status': 200}, {'body': '{&quot;detail&quot;:&quot;This item is already booked from 2026-08-20 to 2026-08-25 (bill BNG-0044). Please choose different dates or another item.&quot;}', 'status': 409}, ...]&#10;assert 2 == 1&#10; +  where 2 = len([&lt;Response [200]&gt;, &lt;Response [200]&gt;])">backend/tests/test_iteration7_availability.py:222: in test_concurrent_overlapping_creates_allow_exactly_one_booking
    assert len(successes) == 1, [
E   AssertionError: [{'body': '{"detail":"This item is already booked from 2026-08-20 to 2026-08-25 (bill BNG-0044). Please choose different dates or another item."}', 'status': 409}, {'body': '{"bill_no":"BNG-0045","branch_id":"535210a2-b7c5-4e2b-a926-f1e1af7664bc","stock_id":"c03b96eb-9c76-4c85-aa10-0a6d5eb815ee","product_code":"TEST_I7_CONCURRENT_1_3261d126","product_name":"TEST Iteration', 'status': 200}, {'body': '{"detail":"This item is already booked from 2026-08-20 to 2026-08-25 (bill BNG-0044). Please choose different dates or another item."}', 'status': 409}, {'body': '{"detail":"This item is already booked from 2026-08-20 to 2026-08-25 (bill BNG-0044). Please choose different dates or another item."}', 'status': 409}, {'body': '{"bill_no":"BNG-0044","branch_id":"535210a2-b7c5-4e2b-a926-f1e1af7664bc","stock_id":"c03b96eb-9c76-4c85-aa10-0a6d5eb815ee","product_code":"TEST_I7_CONCURRENT_4_d765e482","product_name":"TEST Iteration', 'status': 200}, {'body': '{"detail":"This item is already booked from 2026-08-20 to 2026-08-25 (bill BNG-0044). Please choose different dates or another item."}', 'status': 409}, ...]
E   assert 2 == 1
E    +  where 2 = len([&lt;Response [200]&gt;, &lt;Response [200]&gt;])</failure></testcase><testcase classname="backend.tests.test_iteration7_availability" name="test_update_widening_conflicts_but_notes_only_update_persists" time="0.269" /><testcase classname="backend.tests.test_iteration7_availability" name="test_bookings_without_stock_id_can_overlap" time="0.090" /><testcase classname="backend.tests.test_iteration7_availability" name="test_stock_schedule_shape_totals_and_branch_scope" time="0.459" /><testcase classname="backend.tests.test_iteration7_availability" name="test_revenue_stats_stock_filter_excludes_other_stock" time="0.268" /><testcase classname="backend.tests.test_iteration7_availability" name="test_kln_booking_uses_kln_bill_prefix" time="0.045" /><testcase classname="backend.tests.test_iteration7_availability" name="test_auth_booking_crud_and_core_list_regressions" time="1.517" /></testsuite></testsuites>