<?xml version="1.0" encoding="utf-8"?><testsuites name="pytest tests"><testsuite name="pytest" errors="0" failures="0" skipped="0" tests="13" time="3.314" timestamp="2026-06-13T14:30:22.304946+00:00" hostname="agent-env-da019bf6-9436-4091-9b5e-7a2abd7cdcb6"><testcase classname="backend.tests.test_iteration3_customers" name="test_customers_requires_auth" time="1.142" /><testcase classname="backend.tests.test_iteration3_customers" name="test_customers_aggregates_multi_branch" time="0.130" /><testcase classname="backend.tests.test_iteration3_customers" name="test_customers_aggregate_fields" time="0.119" /><testcase classname="backend.tests.test_iteration3_customers" name="test_customers_search_by_phone" time="0.102" /><testcase classname="backend.tests.test_iteration3_customers" name="test_customers_search_by_name_case_insensitive" time="0.119" /><testcase classname="backend.tests.test_iteration3_customers" name="test_customers_super_admin_sees_all" time="0.104" /><testcase classname="backend.tests.test_iteration3_customers" name="test_customers_super_admin_branch_filter" time="0.101" /><testcase classname="backend.tests.test_iteration3_customers" name="test_customers_manager_scoped_to_own_branch" time="0.459" /><testcase classname="backend.tests.test_iteration3_customers" name="test_regression_branches" time="0.101" /><testcase classname="backend.tests.test_iteration3_customers" name="test_regression_bookings" time="0.099" /><testcase classname="backend.tests.test_iteration3_customers" name="test_regression_users" time="0.111" /><testcase classname="backend.tests.test_iteration3_customers" name="test_regression_auth_me" time="0.115" /><testcase classname="backend.tests.test_iteration3_customers" name="test_regression_dashboard" time="0.518" /></testsuite></testsuites>