<?xml version="1.0" encoding="utf-8"?><testsuites name="pytest tests"><testsuite name="pytest" errors="0" failures="0" skipped="0" tests="4" time="6.501" timestamp="2026-07-31T07:48:18.114349+00:00" hostname="agent-env-da019bf6-9436-4091-9b5e-7a2abd7cdcb6"><testcase classname="backend.tests.test_iteration6_retest" name="test_stock_photo_cannot_be_deleted_via_unrelated_owned_stock" time="2.459" /><testcase classname="backend.tests.test_iteration6_retest" name="test_booking_photo_cannot_be_deleted_via_unrelated_booking" time="1.517" /><testcase classname="backend.tests.test_iteration6_retest" name="test_booking_stock_unlink_and_omitted_field_patch_semantics" time="0.571" /><testcase classname="backend.tests.test_iteration6_retest" name="test_requested_regression_sanity" time="1.868" /></testsuite></testsuites>