<?xml version="1.0" encoding="utf-8"?><testsuites name="pytest tests"><testsuite name="pytest" errors="0" failures="0" skipped="0" tests="14" time="2.801" timestamp="2026-06-13T13:58:02.070510+00:00" hostname="agent-env-da019bf6-9436-4091-9b5e-7a2abd7cdcb6"><testcase classname="backend.tests.test_crm_backend.TestAuth" name="test_login_success" time="0.492" /><testcase classname="backend.tests.test_crm_backend.TestAuth" name="test_login_invalid" time="0.267" /><testcase classname="backend.tests.test_crm_backend.TestAuth" name="test_me_with_token" time="0.443" /><testcase classname="backend.tests.test_crm_backend.TestAuth" name="test_me_without_token" time="0.044" /><testcase classname="backend.tests.test_crm_backend.TestBookings" name="test_create_with_auto_bill_no" time="0.052" /><testcase classname="backend.tests.test_crm_backend.TestBookings" name="test_create_with_explicit_bill_no" time="0.093" /><testcase classname="backend.tests.test_crm_backend.TestBookings" name="test_create_requires_auth" time="0.044" /><testcase classname="backend.tests.test_crm_backend.TestBookings" name="test_list_search_and_status_filter" time="0.197" /><testcase classname="backend.tests.test_crm_backend.TestBookings" name="test_update_and_persist" time="0.178" /><testcase classname="backend.tests.test_crm_backend.TestBookings" name="test_update_duplicate_bill_no_rejected" time="0.216" /><testcase classname="backend.tests.test_crm_backend.TestBookings" name="test_delete_and_404" time="0.151" /><testcase classname="backend.tests.test_crm_backend.TestStats" name="test_dashboard_stats_shape" time="0.047" /><testcase classname="backend.tests.test_crm_backend.TestStats" name="test_stats_requires_auth" time="0.049" /><testcase classname="backend.tests.test_crm_backend" name="test_zz_cleanup" time="0.393" /></testsuite></testsuites>